AutoDock Vina v1.2.5
#################################################################
# If you used AutoDock Vina in your work, please cite:          #
#                                                               #
# J. Eberhardt, D. Santos-Martins, A. F. Tillack, and S. Forli  #
# AutoDock Vina 1.2.0: New Docking Methods, Expanded Force      #
# Field, and Python Bindings, J. Chem. Inf. Model. (2021)       #
# DOI 10.1021/acs.jcim.1c00203                                  #
#                                                               #
# O. Trott, A. J. Olson,                                        #
# AutoDock Vina: improving the speed and accuracy of docking    #
# with a new scoring function, efficient optimization and       #
# multithreading, J. Comp. Chem. (2010)                         #
# DOI 10.1002/jcc.21334                                         #
#                                                               #
# Please see https://github.com/ccsb-scripps/AutoDock-Vina for  #
# more information.                                             #
#################################################################

Scoring function : vina
Rigid receptor: compact.pdbqt
Ligand: fasudil_p.pdbqt
Grid center: X 0.367 Y -0.293 Z -0.072
Grid size  : X 88 Y 60 Z 66
Grid space : 0.375
Exhaustiveness: 500
CPU: 0
Verbosity: 1

Computing Vina grid ... done.
Performing docking (random seed: -1210364269) ... 
0%   10   20   30   40   50   60   70   80   90   100%
|----|----|----|----|----|----|----|----|----|----|
***************************************************

mode |   affinity | dist from best mode
     | (kcal/mol) | rmsd l.b.| rmsd u.b.
-----+------------+----------+----------
   1        -6.41          0          0
   2       -6.218      1.558      2.927
   3       -6.206      3.165      5.056
   4       -6.143      2.905      5.082
   5        -6.03       3.52      5.776
   6       -6.026       2.12      2.846
   7       -5.922      3.004        6.2
   8       -5.904      2.692      5.625
   9       -5.847       3.45      5.138
