AutoDock Vina v1.2.5
#################################################################
# If you used AutoDock Vina in your work, please cite:          #
#                                                               #
# J. Eberhardt, D. Santos-Martins, A. F. Tillack, and S. Forli  #
# AutoDock Vina 1.2.0: New Docking Methods, Expanded Force      #
# Field, and Python Bindings, J. Chem. Inf. Model. (2021)       #
# DOI 10.1021/acs.jcim.1c00203                                  #
#                                                               #
# O. Trott, A. J. Olson,                                        #
# AutoDock Vina: improving the speed and accuracy of docking    #
# with a new scoring function, efficient optimization and       #
# multithreading, J. Comp. Chem. (2010)                         #
# DOI 10.1002/jcc.21334                                         #
#                                                               #
# Please see https://github.com/ccsb-scripps/AutoDock-Vina for  #
# more information.                                             #
#################################################################

Scoring function : vina
Rigid receptor: elongated.pdbqt
Ligand: fasudil_p.pdbqt
Grid center: X 18.923 Y 4.552 Z -35.009
Grid size  : X 90 Y 86 Z 114
Grid space : 0.375
Exhaustiveness: 500
CPU: 0
Verbosity: 1

Computing Vina grid ... done.
Performing docking (random seed: 191592989) ... 
0%   10   20   30   40   50   60   70   80   90   100%
|----|----|----|----|----|----|----|----|----|----|
***************************************************

mode |   affinity | dist from best mode
     | (kcal/mol) | rmsd l.b.| rmsd u.b.
-----+------------+----------+----------
   1       -4.974          0          0
   2       -4.863       1.07      1.214
   3       -4.721      1.817      3.195
   4       -4.561      1.675      2.792
   5       -4.536      2.133      2.945
   6       -4.502      2.963      6.297
   7       -4.454      2.285      3.731
   8       -4.452      2.168       2.89
   9       -4.419      3.796      4.868
